  Game.cpp
C:\Coding Projects\BirdsNBeans\BirdsNBeans\Sprite.h(28,30): warning C4244: '=': conversion from 'double' to 'int', possible loss of data
  (compiling source file 'Game.cpp')
  
C:\Coding Projects\BirdsNBeans\BirdsNBeans\Sprite.h(29,30): warning C4244: '=': conversion from 'double' to 'int', possible loss of data
  (compiling source file 'Game.cpp')
  
C:\Coding Projects\BirdsNBeans\BirdsNBeans\Sprite.h(31,40): warning C4244: 'argument': conversion from 'double' to 'float', possible loss of data
  (compiling source file 'Game.cpp')
  
C:\Coding Projects\BirdsNBeans\BirdsNBeans\Sprite.h(31,34): warning C4244: 'argument': conversion from 'double' to 'float', possible loss of data
  (compiling source file 'Game.cpp')
  
C:\Coding Projects\BirdsNBeans\BirdsNBeans\Sprite.h(36,17): warning C4244: '=': conversion from 'double' to 'int', possible loss of data
  (compiling source file 'Game.cpp')
  
C:\Coding Projects\BirdsNBeans\BirdsNBeans\Sprite.h(37,17): warning C4244: '=': conversion from 'double' to 'int', possible loss of data
  (compiling source file 'Game.cpp')
  
C:\Coding Projects\BirdsNBeans\BirdsNBeans\Sprite.h(40,41): warning C4244: '=': conversion from 'float' to 'int', possible loss of data
  (compiling source file 'Game.cpp')
  
C:\Coding Projects\BirdsNBeans\BirdsNBeans\Sprite.h(41,41): warning C4244: '=': conversion from 'float' to 'int', possible loss of data
  (compiling source file 'Game.cpp')
  
C:\Coding Projects\BirdsNBeans\BirdsNBeans\Tongue.h(39,33): warning C4244: '=': conversion from 'int' to 'float', possible loss of data
  (compiling source file 'Game.cpp')
  
C:\Coding Projects\BirdsNBeans\BirdsNBeans\Tongue.h(40,33): warning C4244: '=': conversion from 'int' to 'float', possible loss of data
  (compiling source file 'Game.cpp')
  
C:\Coding Projects\BirdsNBeans\BirdsNBeans\Tongue.h(62,32): warning C4244: '=': conversion from 'int' to 'float', possible loss of data
  (compiling source file 'Game.cpp')
  
C:\Coding Projects\BirdsNBeans\BirdsNBeans\Tongue.h(63,32): warning C4244: '=': conversion from 'int' to 'float', possible loss of data
  (compiling source file 'Game.cpp')
  
C:\Coding Projects\BirdsNBeans\BirdsNBeans\Tongue.h(84,59): warning C4244: '=': conversion from 'int' to 'float', possible loss of data
  (compiling source file 'Game.cpp')
  
C:\Coding Projects\BirdsNBeans\BirdsNBeans\Tongue.h(86,58): warning C4244: '=': conversion from 'int' to 'float', possible loss of data
  (compiling source file 'Game.cpp')
  
C:\Coding Projects\BirdsNBeans\BirdsNBeans\Tongue.h(87,43): warning C4244: '=': conversion from 'float' to 'int', possible loss of data
  (compiling source file 'Game.cpp')
  
C:\Coding Projects\BirdsNBeans\BirdsNBeans\Tongue.h(90,39): warning C4244: '=': conversion from 'int' to 'float', possible loss of data
  (compiling source file 'Game.cpp')
  
C:\Coding Projects\BirdsNBeans\BirdsNBeans\Tongue.h(93,42): warning C4244: '=': conversion from 'float' to 'int', possible loss of data
  (compiling source file 'Game.cpp')
  
C:\Coding Projects\BirdsNBeans\BirdsNBeans\Tongue.h(103,60): warning C4244: '=': conversion from 'int' to 'float', possible loss of data
  (compiling source file 'Game.cpp')
  
C:\Coding Projects\BirdsNBeans\BirdsNBeans\Tongue.h(106,59): warning C4244: '=': conversion from 'int' to 'float', possible loss of data
  (compiling source file 'Game.cpp')
  
C:\Coding Projects\BirdsNBeans\BirdsNBeans\Player.h(25,71): warning C4244: 'argument': conversion from 'float' to 'int', possible loss of data
  (compiling source file 'Game.cpp')
  
C:\Coding Projects\BirdsNBeans\BirdsNBeans\Player.h(25,43): warning C4244: 'argument': conversion from 'float' to 'int', possible loss of data
  (compiling source file 'Game.cpp')
  
C:\Coding Projects\BirdsNBeans\BirdsNBeans\Player.h(41,78): warning C4244: 'argument': conversion from 'float' to 'int', possible loss of data
  (compiling source file 'Game.cpp')
  
C:\Coding Projects\BirdsNBeans\BirdsNBeans\Player.h(41,45): warning C4244: 'argument': conversion from 'float' to 'int', possible loss of data
  (compiling source file 'Game.cpp')
  
C:\Coding Projects\BirdsNBeans\BirdsNBeans\Player.h(44,72): warning C4244: 'argument': conversion from 'float' to 'int', possible loss of data
  (compiling source file 'Game.cpp')
  
C:\Coding Projects\BirdsNBeans\BirdsNBeans\Player.h(44,42): warning C4244: 'argument': conversion from 'float' to 'int', possible loss of data
  (compiling source file 'Game.cpp')
  
C:\Coding Projects\BirdsNBeans\BirdsNBeans\Player.h(139,74): warning C4244: 'argument': conversion from 'float' to 'int', possible loss of data
  (compiling source file 'Game.cpp')
  
C:\Coding Projects\BirdsNBeans\BirdsNBeans\Player.h(139,46): warning C4244: 'argument': conversion from 'float' to 'int', possible loss of data
  (compiling source file 'Game.cpp')
  
C:\Coding Projects\BirdsNBeans\BirdsNBeans\Game.cpp(94,18): warning C4244: 'initializing': conversion from 'float' to 'int', possible loss of data
  BirdsNBeans.vcxproj -> C:\Coding Projects\BirdsNBeans\x64\Debug\BirdsNBeans.exe
